
Iteration 1:
============================= test session starts ==============================
platform darwin -- Python 3.10.16, pytest-8.3.5, pluggy-1.5.0
rootdir: /Users/nimitt/Documents/STT/LAB6/algorithms
collected 416 items

tests/test_array.py ..................F...F......                        [  6%]
tests/test_automata.py .                                                 [  7%]
tests/test_backtrack.py .........................                        [ 13%]
tests/test_bfs.py ...                                                    [ 13%]
tests/test_bit.py .............................                          [ 20%]
tests/test_compression.py .....                                          [ 22%]
tests/test_dfs.py ........                                               [ 24%]
tests/test_dp.py ...............................                         [ 31%]
tests/test_graph.py ....................                                 [ 36%]
tests/test_greedy.py .                                                   [ 36%]
tests/test_heap.py .....                                                 [ 37%]
tests/test_histogram.py .                                                [ 37%]
tests/test_iterative_segment_tree.py .........                           [ 40%]
tests/test_linkedlist.py ............                                    [ 43%]
tests/test_map.py .........................                              [ 49%]
tests/test_maths.py ..................................................   [ 61%]
tests/test_matrix.py .............                                       [ 64%]
tests/test_ml.py ..                                                      [ 64%]
tests/test_monomial.py ........                                          [ 66%]
tests/test_polynomial.py .......                                         [ 68%]
tests/test_queues.py .....                                               [ 69%]
tests/test_search.py .............                                       [ 72%]
tests/test_set.py .                                                      [ 72%]
tests/test_sort.py ....................                                  [ 77%]
tests/test_stack.py ..........                                           [ 80%]
tests/test_streaming.py ....                                             [ 81%]
tests/test_strings.py .................................................. [ 93%]
..............                                                           [ 96%]
tests/test_tree.py ...........                                           [ 99%]
tests/test_unix.py ....                                                  [100%]

=================================== FAILURES ===================================
__________________ TestRemoveDuplicate.test_remove_duplicates __________________

self = <test_array.TestRemoveDuplicate testMethod=test_remove_duplicates>

    def test_remove_duplicates(self):
>       self.assertListEqual(remove_duplicates([1,1,1,2,2,2,3,3,4,4,5,6,7,7,7,8,8,9,10,10]))
E       TypeError: TestCase.assertListEqual() missing 1 required positional argument: 'list2'

tests/test_array.py:305: TypeError
___________________ TestSummaryRanges.test_summarize_ranges ____________________

self = <test_array.TestSummaryRanges testMethod=test_summarize_ranges>

    def test_summarize_ranges(self):
    
>       self.assertListEqual(summarize_ranges([0, 1, 2, 4, 5, 7]),
                             [(0, 2), (4, 5), (7, 7)])
E       AssertionError: Lists differ: ['0-2', '4-5', '7'] != [(0, 2), (4, 5), (7, 7)]
E       
E       First differing element 0:
E       '0-2'
E       (0, 2)
E       
E       - ['0-2', '4-5', '7']
E       + [(0, 2), (4, 5), (7, 7)]

tests/test_array.py:349: AssertionError
=========================== short test summary info ============================
FAILED tests/test_array.py::TestRemoveDuplicate::test_remove_duplicates - Typ...
FAILED tests/test_array.py::TestSummaryRanges::test_summarize_ranges - Assert...
======================== 2 failed, 414 passed in 4.43s =========================
Execution Time: 4.57 seconds
==================================================

Iteration 2:
============================= test session starts ==============================
platform darwin -- Python 3.10.16, pytest-8.3.5, pluggy-1.5.0
rootdir: /Users/nimitt/Documents/STT/LAB6/algorithms
collected 416 items

tests/test_array.py ..................F...F......                        [  6%]
tests/test_automata.py .                                                 [  7%]
tests/test_backtrack.py .........................                        [ 13%]
tests/test_bfs.py ...                                                    [ 13%]
tests/test_bit.py .............................                          [ 20%]
tests/test_compression.py .....                                          [ 22%]
tests/test_dfs.py ........                                               [ 24%]
tests/test_dp.py ...............................                         [ 31%]
tests/test_graph.py ....................                                 [ 36%]
tests/test_greedy.py .                                                   [ 36%]
tests/test_heap.py .....                                                 [ 37%]
tests/test_histogram.py .                                                [ 37%]
tests/test_iterative_segment_tree.py .........                           [ 40%]
tests/test_linkedlist.py ............                                    [ 43%]
tests/test_map.py .........................                              [ 49%]
tests/test_maths.py ..................................................   [ 61%]
tests/test_matrix.py .............                                       [ 64%]
tests/test_ml.py ..                                                      [ 64%]
tests/test_monomial.py ........                                          [ 66%]
tests/test_polynomial.py .......                                         [ 68%]
tests/test_queues.py .....                                               [ 69%]
tests/test_search.py .............                                       [ 72%]
tests/test_set.py .                                                      [ 72%]
tests/test_sort.py ....................                                  [ 77%]
tests/test_stack.py ..........                                           [ 80%]
tests/test_streaming.py ....                                             [ 81%]
tests/test_strings.py .................................................. [ 93%]
..............                                                           [ 96%]
tests/test_tree.py ...........                                           [ 99%]
tests/test_unix.py ....                                                  [100%]

=================================== FAILURES ===================================
__________________ TestRemoveDuplicate.test_remove_duplicates __________________

self = <test_array.TestRemoveDuplicate testMethod=test_remove_duplicates>

    def test_remove_duplicates(self):
>       self.assertListEqual(remove_duplicates([1,1,1,2,2,2,3,3,4,4,5,6,7,7,7,8,8,9,10,10]))
E       TypeError: TestCase.assertListEqual() missing 1 required positional argument: 'list2'

tests/test_array.py:305: TypeError
___________________ TestSummaryRanges.test_summarize_ranges ____________________

self = <test_array.TestSummaryRanges testMethod=test_summarize_ranges>

    def test_summarize_ranges(self):
    
>       self.assertListEqual(summarize_ranges([0, 1, 2, 4, 5, 7]),
                             [(0, 2), (4, 5), (7, 7)])
E       AssertionError: Lists differ: ['0-2', '4-5', '7'] != [(0, 2), (4, 5), (7, 7)]
E       
E       First differing element 0:
E       '0-2'
E       (0, 2)
E       
E       - ['0-2', '4-5', '7']
E       + [(0, 2), (4, 5), (7, 7)]

tests/test_array.py:349: AssertionError
=========================== short test summary info ============================
FAILED tests/test_array.py::TestRemoveDuplicate::test_remove_duplicates - Typ...
FAILED tests/test_array.py::TestSummaryRanges::test_summarize_ranges - Assert...
======================== 2 failed, 414 passed in 4.46s =========================
Execution Time: 4.59 seconds
==================================================

Iteration 3:
============================= test session starts ==============================
platform darwin -- Python 3.10.16, pytest-8.3.5, pluggy-1.5.0
rootdir: /Users/nimitt/Documents/STT/LAB6/algorithms
collected 416 items

tests/test_array.py ..................F...F......                        [  6%]
tests/test_automata.py .                                                 [  7%]
tests/test_backtrack.py .........................                        [ 13%]
tests/test_bfs.py ...                                                    [ 13%]
tests/test_bit.py .............................                          [ 20%]
tests/test_compression.py .....                                          [ 22%]
tests/test_dfs.py ........                                               [ 24%]
tests/test_dp.py ...............................                         [ 31%]
tests/test_graph.py ....................                                 [ 36%]
tests/test_greedy.py .                                                   [ 36%]
tests/test_heap.py .....                                                 [ 37%]
tests/test_histogram.py .                                                [ 37%]
tests/test_iterative_segment_tree.py .........                           [ 40%]
tests/test_linkedlist.py ............                                    [ 43%]
tests/test_map.py .........................                              [ 49%]
tests/test_maths.py ..................................................   [ 61%]
tests/test_matrix.py .............                                       [ 64%]
tests/test_ml.py ..                                                      [ 64%]
tests/test_monomial.py ........                                          [ 66%]
tests/test_polynomial.py .......                                         [ 68%]
tests/test_queues.py .....                                               [ 69%]
tests/test_search.py .............                                       [ 72%]
tests/test_set.py .                                                      [ 72%]
tests/test_sort.py ....................                                  [ 77%]
tests/test_stack.py ..........                                           [ 80%]
tests/test_streaming.py ....                                             [ 81%]
tests/test_strings.py .................................................. [ 93%]
..............                                                           [ 96%]
tests/test_tree.py ...........                                           [ 99%]
tests/test_unix.py ....                                                  [100%]

=================================== FAILURES ===================================
__________________ TestRemoveDuplicate.test_remove_duplicates __________________

self = <test_array.TestRemoveDuplicate testMethod=test_remove_duplicates>

    def test_remove_duplicates(self):
>       self.assertListEqual(remove_duplicates([1,1,1,2,2,2,3,3,4,4,5,6,7,7,7,8,8,9,10,10]))
E       TypeError: TestCase.assertListEqual() missing 1 required positional argument: 'list2'

tests/test_array.py:305: TypeError
___________________ TestSummaryRanges.test_summarize_ranges ____________________

self = <test_array.TestSummaryRanges testMethod=test_summarize_ranges>

    def test_summarize_ranges(self):
    
>       self.assertListEqual(summarize_ranges([0, 1, 2, 4, 5, 7]),
                             [(0, 2), (4, 5), (7, 7)])
E       AssertionError: Lists differ: ['0-2', '4-5', '7'] != [(0, 2), (4, 5), (7, 7)]
E       
E       First differing element 0:
E       '0-2'
E       (0, 2)
E       
E       - ['0-2', '4-5', '7']
E       + [(0, 2), (4, 5), (7, 7)]

tests/test_array.py:349: AssertionError
=========================== short test summary info ============================
FAILED tests/test_array.py::TestRemoveDuplicate::test_remove_duplicates - Typ...
FAILED tests/test_array.py::TestSummaryRanges::test_summarize_ranges - Assert...
======================== 2 failed, 414 passed in 4.47s =========================
Execution Time: 4.61 seconds
==================================================

Iteration 4:
============================= test session starts ==============================
platform darwin -- Python 3.10.16, pytest-8.3.5, pluggy-1.5.0
rootdir: /Users/nimitt/Documents/STT/LAB6/algorithms
collected 416 items

tests/test_array.py ..................F...F......                        [  6%]
tests/test_automata.py .                                                 [  7%]
tests/test_backtrack.py .........................                        [ 13%]
tests/test_bfs.py ...                                                    [ 13%]
tests/test_bit.py .............................                          [ 20%]
tests/test_compression.py .....                                          [ 22%]
tests/test_dfs.py ........                                               [ 24%]
tests/test_dp.py ...............................                         [ 31%]
tests/test_graph.py ....................                                 [ 36%]
tests/test_greedy.py .                                                   [ 36%]
tests/test_heap.py .....                                                 [ 37%]
tests/test_histogram.py .                                                [ 37%]
tests/test_iterative_segment_tree.py .........                           [ 40%]
tests/test_linkedlist.py ............                                    [ 43%]
tests/test_map.py .........................                              [ 49%]
tests/test_maths.py ..................................................   [ 61%]
tests/test_matrix.py .............                                       [ 64%]
tests/test_ml.py ..                                                      [ 64%]
tests/test_monomial.py ........                                          [ 66%]
tests/test_polynomial.py .......                                         [ 68%]
tests/test_queues.py .....                                               [ 69%]
tests/test_search.py .............                                       [ 72%]
tests/test_set.py .                                                      [ 72%]
tests/test_sort.py ....................                                  [ 77%]
tests/test_stack.py ..........                                           [ 80%]
tests/test_streaming.py ....                                             [ 81%]
tests/test_strings.py .................................................. [ 93%]
..............                                                           [ 96%]
tests/test_tree.py ...........                                           [ 99%]
tests/test_unix.py ....                                                  [100%]

=================================== FAILURES ===================================
__________________ TestRemoveDuplicate.test_remove_duplicates __________________

self = <test_array.TestRemoveDuplicate testMethod=test_remove_duplicates>

    def test_remove_duplicates(self):
>       self.assertListEqual(remove_duplicates([1,1,1,2,2,2,3,3,4,4,5,6,7,7,7,8,8,9,10,10]))
E       TypeError: TestCase.assertListEqual() missing 1 required positional argument: 'list2'

tests/test_array.py:305: TypeError
___________________ TestSummaryRanges.test_summarize_ranges ____________________

self = <test_array.TestSummaryRanges testMethod=test_summarize_ranges>

    def test_summarize_ranges(self):
    
>       self.assertListEqual(summarize_ranges([0, 1, 2, 4, 5, 7]),
                             [(0, 2), (4, 5), (7, 7)])
E       AssertionError: Lists differ: ['0-2', '4-5', '7'] != [(0, 2), (4, 5), (7, 7)]
E       
E       First differing element 0:
E       '0-2'
E       (0, 2)
E       
E       - ['0-2', '4-5', '7']
E       + [(0, 2), (4, 5), (7, 7)]

tests/test_array.py:349: AssertionError
=========================== short test summary info ============================
FAILED tests/test_array.py::TestRemoveDuplicate::test_remove_duplicates - Typ...
FAILED tests/test_array.py::TestSummaryRanges::test_summarize_ranges - Assert...
======================== 2 failed, 414 passed in 4.45s =========================
Execution Time: 4.57 seconds
==================================================

Iteration 5:
============================= test session starts ==============================
platform darwin -- Python 3.10.16, pytest-8.3.5, pluggy-1.5.0
rootdir: /Users/nimitt/Documents/STT/LAB6/algorithms
collected 416 items

tests/test_array.py ..................F...F......                        [  6%]
tests/test_automata.py .                                                 [  7%]
tests/test_backtrack.py .........................                        [ 13%]
tests/test_bfs.py ...                                                    [ 13%]
tests/test_bit.py .............................                          [ 20%]
tests/test_compression.py .....                                          [ 22%]
tests/test_dfs.py ........                                               [ 24%]
tests/test_dp.py ...............................                         [ 31%]
tests/test_graph.py ....................                                 [ 36%]
tests/test_greedy.py .                                                   [ 36%]
tests/test_heap.py .....                                                 [ 37%]
tests/test_histogram.py .                                                [ 37%]
tests/test_iterative_segment_tree.py .........                           [ 40%]
tests/test_linkedlist.py ............                                    [ 43%]
tests/test_map.py .........................                              [ 49%]
tests/test_maths.py ..................................................   [ 61%]
tests/test_matrix.py .............                                       [ 64%]
tests/test_ml.py ..                                                      [ 64%]
tests/test_monomial.py ........                                          [ 66%]
tests/test_polynomial.py .......                                         [ 68%]
tests/test_queues.py .....                                               [ 69%]
tests/test_search.py .............                                       [ 72%]
tests/test_set.py .                                                      [ 72%]
tests/test_sort.py ....................                                  [ 77%]
tests/test_stack.py ..........                                           [ 80%]
tests/test_streaming.py ....                                             [ 81%]
tests/test_strings.py .................................................. [ 93%]
..............                                                           [ 96%]
tests/test_tree.py ...........                                           [ 99%]
tests/test_unix.py ....                                                  [100%]

=================================== FAILURES ===================================
__________________ TestRemoveDuplicate.test_remove_duplicates __________________

self = <test_array.TestRemoveDuplicate testMethod=test_remove_duplicates>

    def test_remove_duplicates(self):
>       self.assertListEqual(remove_duplicates([1,1,1,2,2,2,3,3,4,4,5,6,7,7,7,8,8,9,10,10]))
E       TypeError: TestCase.assertListEqual() missing 1 required positional argument: 'list2'

tests/test_array.py:305: TypeError
___________________ TestSummaryRanges.test_summarize_ranges ____________________

self = <test_array.TestSummaryRanges testMethod=test_summarize_ranges>

    def test_summarize_ranges(self):
    
>       self.assertListEqual(summarize_ranges([0, 1, 2, 4, 5, 7]),
                             [(0, 2), (4, 5), (7, 7)])
E       AssertionError: Lists differ: ['0-2', '4-5', '7'] != [(0, 2), (4, 5), (7, 7)]
E       
E       First differing element 0:
E       '0-2'
E       (0, 2)
E       
E       - ['0-2', '4-5', '7']
E       + [(0, 2), (4, 5), (7, 7)]

tests/test_array.py:349: AssertionError
=========================== short test summary info ============================
FAILED tests/test_array.py::TestRemoveDuplicate::test_remove_duplicates - Typ...
FAILED tests/test_array.py::TestSummaryRanges::test_summarize_ranges - Assert...
======================== 2 failed, 414 passed in 4.43s =========================
Execution Time: 4.54 seconds
==================================================

Iteration 6:
============================= test session starts ==============================
platform darwin -- Python 3.10.16, pytest-8.3.5, pluggy-1.5.0
rootdir: /Users/nimitt/Documents/STT/LAB6/algorithms
collected 416 items

tests/test_array.py ..................F...F......                        [  6%]
tests/test_automata.py .                                                 [  7%]
tests/test_backtrack.py .........................                        [ 13%]
tests/test_bfs.py ...                                                    [ 13%]
tests/test_bit.py .............................                          [ 20%]
tests/test_compression.py .....                                          [ 22%]
tests/test_dfs.py ........                                               [ 24%]
tests/test_dp.py ...............................                         [ 31%]
tests/test_graph.py ....................                                 [ 36%]
tests/test_greedy.py .                                                   [ 36%]
tests/test_heap.py .....                                                 [ 37%]
tests/test_histogram.py .                                                [ 37%]
tests/test_iterative_segment_tree.py .........                           [ 40%]
tests/test_linkedlist.py ............                                    [ 43%]
tests/test_map.py .........................                              [ 49%]
tests/test_maths.py ..................................................   [ 61%]
tests/test_matrix.py .............                                       [ 64%]
tests/test_ml.py ..                                                      [ 64%]
tests/test_monomial.py ........                                          [ 66%]
tests/test_polynomial.py .......                                         [ 68%]
tests/test_queues.py .....                                               [ 69%]
tests/test_search.py .............                                       [ 72%]
tests/test_set.py .                                                      [ 72%]
tests/test_sort.py ....................                                  [ 77%]
tests/test_stack.py ..........                                           [ 80%]
tests/test_streaming.py ....                                             [ 81%]
tests/test_strings.py .................................................. [ 93%]
..............                                                           [ 96%]
tests/test_tree.py ...........                                           [ 99%]
tests/test_unix.py ....                                                  [100%]

=================================== FAILURES ===================================
__________________ TestRemoveDuplicate.test_remove_duplicates __________________

self = <test_array.TestRemoveDuplicate testMethod=test_remove_duplicates>

    def test_remove_duplicates(self):
>       self.assertListEqual(remove_duplicates([1,1,1,2,2,2,3,3,4,4,5,6,7,7,7,8,8,9,10,10]))
E       TypeError: TestCase.assertListEqual() missing 1 required positional argument: 'list2'

tests/test_array.py:305: TypeError
___________________ TestSummaryRanges.test_summarize_ranges ____________________

self = <test_array.TestSummaryRanges testMethod=test_summarize_ranges>

    def test_summarize_ranges(self):
    
>       self.assertListEqual(summarize_ranges([0, 1, 2, 4, 5, 7]),
                             [(0, 2), (4, 5), (7, 7)])
E       AssertionError: Lists differ: ['0-2', '4-5', '7'] != [(0, 2), (4, 5), (7, 7)]
E       
E       First differing element 0:
E       '0-2'
E       (0, 2)
E       
E       - ['0-2', '4-5', '7']
E       + [(0, 2), (4, 5), (7, 7)]

tests/test_array.py:349: AssertionError
=========================== short test summary info ============================
FAILED tests/test_array.py::TestRemoveDuplicate::test_remove_duplicates - Typ...
FAILED tests/test_array.py::TestSummaryRanges::test_summarize_ranges - Assert...
======================== 2 failed, 414 passed in 4.53s =========================
Execution Time: 4.64 seconds
==================================================

Iteration 7:
============================= test session starts ==============================
platform darwin -- Python 3.10.16, pytest-8.3.5, pluggy-1.5.0
rootdir: /Users/nimitt/Documents/STT/LAB6/algorithms
collected 416 items

tests/test_array.py ..................F...F......                        [  6%]
tests/test_automata.py .                                                 [  7%]
tests/test_backtrack.py .........................                        [ 13%]
tests/test_bfs.py ...                                                    [ 13%]
tests/test_bit.py .............................                          [ 20%]
tests/test_compression.py .....                                          [ 22%]
tests/test_dfs.py ........                                               [ 24%]
tests/test_dp.py ...............................                         [ 31%]
tests/test_graph.py ....................                                 [ 36%]
tests/test_greedy.py .                                                   [ 36%]
tests/test_heap.py .....                                                 [ 37%]
tests/test_histogram.py .                                                [ 37%]
tests/test_iterative_segment_tree.py .........                           [ 40%]
tests/test_linkedlist.py ............                                    [ 43%]
tests/test_map.py .........................                              [ 49%]
tests/test_maths.py ..................................................   [ 61%]
tests/test_matrix.py .............                                       [ 64%]
tests/test_ml.py ..                                                      [ 64%]
tests/test_monomial.py ........                                          [ 66%]
tests/test_polynomial.py .......                                         [ 68%]
tests/test_queues.py .....                                               [ 69%]
tests/test_search.py .............                                       [ 72%]
tests/test_set.py .                                                      [ 72%]
tests/test_sort.py ....................                                  [ 77%]
tests/test_stack.py ..........                                           [ 80%]
tests/test_streaming.py ....                                             [ 81%]
tests/test_strings.py .................................................. [ 93%]
..............                                                           [ 96%]
tests/test_tree.py ...........                                           [ 99%]
tests/test_unix.py ....                                                  [100%]

=================================== FAILURES ===================================
__________________ TestRemoveDuplicate.test_remove_duplicates __________________

self = <test_array.TestRemoveDuplicate testMethod=test_remove_duplicates>

    def test_remove_duplicates(self):
>       self.assertListEqual(remove_duplicates([1,1,1,2,2,2,3,3,4,4,5,6,7,7,7,8,8,9,10,10]))
E       TypeError: TestCase.assertListEqual() missing 1 required positional argument: 'list2'

tests/test_array.py:305: TypeError
___________________ TestSummaryRanges.test_summarize_ranges ____________________

self = <test_array.TestSummaryRanges testMethod=test_summarize_ranges>

    def test_summarize_ranges(self):
    
>       self.assertListEqual(summarize_ranges([0, 1, 2, 4, 5, 7]),
                             [(0, 2), (4, 5), (7, 7)])
E       AssertionError: Lists differ: ['0-2', '4-5', '7'] != [(0, 2), (4, 5), (7, 7)]
E       
E       First differing element 0:
E       '0-2'
E       (0, 2)
E       
E       - ['0-2', '4-5', '7']
E       + [(0, 2), (4, 5), (7, 7)]

tests/test_array.py:349: AssertionError
=========================== short test summary info ============================
FAILED tests/test_array.py::TestRemoveDuplicate::test_remove_duplicates - Typ...
FAILED tests/test_array.py::TestSummaryRanges::test_summarize_ranges - Assert...
======================== 2 failed, 414 passed in 4.58s =========================
Execution Time: 4.69 seconds
==================================================

Iteration 8:
============================= test session starts ==============================
platform darwin -- Python 3.10.16, pytest-8.3.5, pluggy-1.5.0
rootdir: /Users/nimitt/Documents/STT/LAB6/algorithms
collected 416 items

tests/test_array.py ..................F...F......                        [  6%]
tests/test_automata.py .                                                 [  7%]
tests/test_backtrack.py .........................                        [ 13%]
tests/test_bfs.py ...                                                    [ 13%]
tests/test_bit.py .............................                          [ 20%]
tests/test_compression.py .....                                          [ 22%]
tests/test_dfs.py ........                                               [ 24%]
tests/test_dp.py ...............................                         [ 31%]
tests/test_graph.py ....................                                 [ 36%]
tests/test_greedy.py .                                                   [ 36%]
tests/test_heap.py .....                                                 [ 37%]
tests/test_histogram.py .                                                [ 37%]
tests/test_iterative_segment_tree.py .........                           [ 40%]
tests/test_linkedlist.py ............                                    [ 43%]
tests/test_map.py .........................                              [ 49%]
tests/test_maths.py ..................................................   [ 61%]
tests/test_matrix.py .............                                       [ 64%]
tests/test_ml.py ..                                                      [ 64%]
tests/test_monomial.py ........                                          [ 66%]
tests/test_polynomial.py .......                                         [ 68%]
tests/test_queues.py .....                                               [ 69%]
tests/test_search.py .............                                       [ 72%]
tests/test_set.py .                                                      [ 72%]
tests/test_sort.py ....................                                  [ 77%]
tests/test_stack.py ..........                                           [ 80%]
tests/test_streaming.py ....                                             [ 81%]
tests/test_strings.py .................................................. [ 93%]
..............                                                           [ 96%]
tests/test_tree.py ...........                                           [ 99%]
tests/test_unix.py ....                                                  [100%]

=================================== FAILURES ===================================
__________________ TestRemoveDuplicate.test_remove_duplicates __________________

self = <test_array.TestRemoveDuplicate testMethod=test_remove_duplicates>

    def test_remove_duplicates(self):
>       self.assertListEqual(remove_duplicates([1,1,1,2,2,2,3,3,4,4,5,6,7,7,7,8,8,9,10,10]))
E       TypeError: TestCase.assertListEqual() missing 1 required positional argument: 'list2'

tests/test_array.py:305: TypeError
___________________ TestSummaryRanges.test_summarize_ranges ____________________

self = <test_array.TestSummaryRanges testMethod=test_summarize_ranges>

    def test_summarize_ranges(self):
    
>       self.assertListEqual(summarize_ranges([0, 1, 2, 4, 5, 7]),
                             [(0, 2), (4, 5), (7, 7)])
E       AssertionError: Lists differ: ['0-2', '4-5', '7'] != [(0, 2), (4, 5), (7, 7)]
E       
E       First differing element 0:
E       '0-2'
E       (0, 2)
E       
E       - ['0-2', '4-5', '7']
E       + [(0, 2), (4, 5), (7, 7)]

tests/test_array.py:349: AssertionError
=========================== short test summary info ============================
FAILED tests/test_array.py::TestRemoveDuplicate::test_remove_duplicates - Typ...
FAILED tests/test_array.py::TestSummaryRanges::test_summarize_ranges - Assert...
======================== 2 failed, 414 passed in 4.56s =========================
Execution Time: 4.68 seconds
==================================================

Iteration 9:
============================= test session starts ==============================
platform darwin -- Python 3.10.16, pytest-8.3.5, pluggy-1.5.0
rootdir: /Users/nimitt/Documents/STT/LAB6/algorithms
collected 416 items

tests/test_array.py ..................F...F......                        [  6%]
tests/test_automata.py .                                                 [  7%]
tests/test_backtrack.py .........................                        [ 13%]
tests/test_bfs.py ...                                                    [ 13%]
tests/test_bit.py .............................                          [ 20%]
tests/test_compression.py .....                                          [ 22%]
tests/test_dfs.py ........                                               [ 24%]
tests/test_dp.py ...............................                         [ 31%]
tests/test_graph.py ....................                                 [ 36%]
tests/test_greedy.py .                                                   [ 36%]
tests/test_heap.py .....                                                 [ 37%]
tests/test_histogram.py .                                                [ 37%]
tests/test_iterative_segment_tree.py .........                           [ 40%]
tests/test_linkedlist.py ............                                    [ 43%]
tests/test_map.py .........................                              [ 49%]
tests/test_maths.py ..................................................   [ 61%]
tests/test_matrix.py .............                                       [ 64%]
tests/test_ml.py ..                                                      [ 64%]
tests/test_monomial.py ........                                          [ 66%]
tests/test_polynomial.py .......                                         [ 68%]
tests/test_queues.py .....                                               [ 69%]
tests/test_search.py .............                                       [ 72%]
tests/test_set.py .                                                      [ 72%]
tests/test_sort.py ....................                                  [ 77%]
tests/test_stack.py ..........                                           [ 80%]
tests/test_streaming.py ....                                             [ 81%]
tests/test_strings.py .................................................. [ 93%]
..............                                                           [ 96%]
tests/test_tree.py ...........                                           [ 99%]
tests/test_unix.py ....                                                  [100%]

=================================== FAILURES ===================================
__________________ TestRemoveDuplicate.test_remove_duplicates __________________

self = <test_array.TestRemoveDuplicate testMethod=test_remove_duplicates>

    def test_remove_duplicates(self):
>       self.assertListEqual(remove_duplicates([1,1,1,2,2,2,3,3,4,4,5,6,7,7,7,8,8,9,10,10]))
E       TypeError: TestCase.assertListEqual() missing 1 required positional argument: 'list2'

tests/test_array.py:305: TypeError
___________________ TestSummaryRanges.test_summarize_ranges ____________________

self = <test_array.TestSummaryRanges testMethod=test_summarize_ranges>

    def test_summarize_ranges(self):
    
>       self.assertListEqual(summarize_ranges([0, 1, 2, 4, 5, 7]),
                             [(0, 2), (4, 5), (7, 7)])
E       AssertionError: Lists differ: ['0-2', '4-5', '7'] != [(0, 2), (4, 5), (7, 7)]
E       
E       First differing element 0:
E       '0-2'
E       (0, 2)
E       
E       - ['0-2', '4-5', '7']
E       + [(0, 2), (4, 5), (7, 7)]

tests/test_array.py:349: AssertionError
=========================== short test summary info ============================
FAILED tests/test_array.py::TestRemoveDuplicate::test_remove_duplicates - Typ...
FAILED tests/test_array.py::TestSummaryRanges::test_summarize_ranges - Assert...
======================== 2 failed, 414 passed in 4.64s =========================
Execution Time: 4.75 seconds
==================================================

Iteration 10:
============================= test session starts ==============================
platform darwin -- Python 3.10.16, pytest-8.3.5, pluggy-1.5.0
rootdir: /Users/nimitt/Documents/STT/LAB6/algorithms
collected 416 items

tests/test_array.py ..................F...F......                        [  6%]
tests/test_automata.py .                                                 [  7%]
tests/test_backtrack.py .........................                        [ 13%]
tests/test_bfs.py ...                                                    [ 13%]
tests/test_bit.py .............................                          [ 20%]
tests/test_compression.py .....                                          [ 22%]
tests/test_dfs.py ........                                               [ 24%]
tests/test_dp.py ...............................                         [ 31%]
tests/test_graph.py ....................                                 [ 36%]
tests/test_greedy.py .                                                   [ 36%]
tests/test_heap.py .....                                                 [ 37%]
tests/test_histogram.py .                                                [ 37%]
tests/test_iterative_segment_tree.py .........                           [ 40%]
tests/test_linkedlist.py ............                                    [ 43%]
tests/test_map.py .........................                              [ 49%]
tests/test_maths.py ..................................................   [ 61%]
tests/test_matrix.py .............                                       [ 64%]
tests/test_ml.py ..                                                      [ 64%]
tests/test_monomial.py ........                                          [ 66%]
tests/test_polynomial.py .......                                         [ 68%]
tests/test_queues.py .....                                               [ 69%]
tests/test_search.py .............                                       [ 72%]
tests/test_set.py .                                                      [ 72%]
tests/test_sort.py ....................                                  [ 77%]
tests/test_stack.py ..........                                           [ 80%]
tests/test_streaming.py ....                                             [ 81%]
tests/test_strings.py .................................................. [ 93%]
..............                                                           [ 96%]
tests/test_tree.py ...........                                           [ 99%]
tests/test_unix.py ....                                                  [100%]

=================================== FAILURES ===================================
__________________ TestRemoveDuplicate.test_remove_duplicates __________________

self = <test_array.TestRemoveDuplicate testMethod=test_remove_duplicates>

    def test_remove_duplicates(self):
>       self.assertListEqual(remove_duplicates([1,1,1,2,2,2,3,3,4,4,5,6,7,7,7,8,8,9,10,10]))
E       TypeError: TestCase.assertListEqual() missing 1 required positional argument: 'list2'

tests/test_array.py:305: TypeError
___________________ TestSummaryRanges.test_summarize_ranges ____________________

self = <test_array.TestSummaryRanges testMethod=test_summarize_ranges>

    def test_summarize_ranges(self):
    
>       self.assertListEqual(summarize_ranges([0, 1, 2, 4, 5, 7]),
                             [(0, 2), (4, 5), (7, 7)])
E       AssertionError: Lists differ: ['0-2', '4-5', '7'] != [(0, 2), (4, 5), (7, 7)]
E       
E       First differing element 0:
E       '0-2'
E       (0, 2)
E       
E       - ['0-2', '4-5', '7']
E       + [(0, 2), (4, 5), (7, 7)]

tests/test_array.py:349: AssertionError
=========================== short test summary info ============================
FAILED tests/test_array.py::TestRemoveDuplicate::test_remove_duplicates - Typ...
FAILED tests/test_array.py::TestSummaryRanges::test_summarize_ranges - Assert...
======================== 2 failed, 414 passed in 4.43s =========================
Execution Time: 4.54 seconds
==================================================
